[runner] Project: oral-caries-study
[runner] Mode: 16S
88640002 total bases in 821276 reads from 6 samples will be used for learning the error rates.
109223694 total bases in 387357 reads from 3 samples will be used for learning the error rates.
Sample 1 - 124516 reads in 2213 unique sequences.
Sample 2 - 124516 reads in 2213 unique sequences.
Sample 3 - 138325 reads in 3133 unique sequences.
Sample 4 - 147797 reads in 1298 unique sequences.
Sample 5 - 138325 reads in 3133 unique sequences.
Sample 6 - 147797 reads in 1298 unique sequences.
Sample 1 - 124516 reads in 4273 unique sequences.
Sample 2 - 124516 reads in 4273 unique sequences.
Sample 3 - 138325 reads in 8016 unique sequences.
Sample 4 - 147797 reads in 2898 unique sequences.
Sample 5 - 138325 reads in 8016 unique sequences.
Sample 6 - 147797 reads in 2898 unique sequences.
123890 paired-reads (in 128 unique pairings) successfully merged out of 124301 (in 235 pairings) input.
123890 paired-reads (in 128 unique pairings) successfully merged out of 124301 (in 235 pairings) input.
136649 paired-reads (in 216 unique pairings) successfully merged out of 137869 (in 502 pairings) input.
146471 paired-reads (in 10 unique pairings) successfully merged out of 146937 (in 26 pairings) input.
136649 paired-reads (in 216 unique pairings) successfully merged out of 137869 (in 502 pairings) input.
146471 paired-reads (in 10 unique pairings) successfully merged out of 146937 (in 26 pairings) input.
[analysis-16S] Metadata notes: Renamed 'Sample' column to 'SampleID'
`set.seed(1234)` was used to initialize repeatable random subsampling.
Please record this for your records so others can reproduce.
Try `set.seed(1234); .Random.seed` for the full vector
...
Determining distance matrix based on shared 8-mers:
================================================================================

Time difference of 0 secs

Clustering into groups by similarity:
================================================================================

Time difference of 0.01 secs

Aligning Sequences:
================================================================================

Time difference of 0.26 secs

Iteration 1 of 2:

Determining distance matrix based on alignment:
================================================================================

Time difference of 0 secs

Reclustering into groups by similarity:
================================================================================

Time difference of 0.01 secs

Realigning Sequences:
================================================================================

Time difference of 0.19 secs

Iteration 2 of 2:

Determining distance matrix based on alignment:
================================================================================

Time difference of 0 secs

Reclustering into groups by similarity:
================================================================================

Time difference of 0.01 secs

Realigning Sequences:
================================================================================

Time difference of 0.01 secs

only one rate class, ignored optGamma
optimize edge weights:  -3267.707 --> -3235.934 
optimize rate matrix:  -3235.934 --> -3153.297 
optimize invariant sites:  -3153.297 --> -3025.733 
optimize edge weights:  -3025.733 --> -3024.04 
optimize rate matrix:  -3024.04 --> -3022.1 
optimize invariant sites:  -3022.1 --> -3022.062 
optimize edge weights:  -3022.062 --> -3021.954 
optimize rate matrix:  -3021.954 --> -3021.953 
optimize invariant sites:  -3021.953 --> -3021.907 
optimize edge weights:  -3021.907 --> -3021.883 
optimize rate matrix:  -3021.883 --> -3021.883 
optimize invariant sites:  -3021.883 --> -3021.871 
optimize edge weights:  -3021.871 --> -3021.866 
optimize rate matrix:  -3021.866 --> -3021.866 
optimize invariant sites:  -3021.866 --> -3021.863 
optimize edge weights:  -3021.863 --> -3021.862 
optimize rate matrix:  -3021.862 --> -3021.862 
optimize invariant sites:  -3021.862 --> -3021.861 
optimize edge weights:  -3021.861 --> -3021.861 
optimize rate matrix:  -3021.861 --> -3021.861 
optimize invariant sites:  -3021.861 --> -3021.861 
optimize edge weights:  -3021.861 --> -3021.86 
optimize rate matrix:  -3021.86 --> -3021.86 
optimize invariant sites:  -3021.86 --> -3021.86 
optimize edge weights:  -3021.86 --> -3021.86 
optimize rate matrix:  -3021.86 --> -3021.86 
optimize invariant sites:  -3021.86 --> -3021.86 
optimize edge weights:  -3021.86 --> -3021.86 
Found more than one class "phylo" in cache; using the first, from namespace 'phyloseq'
Also defined by ‘tidytree’
Found more than one class "phylo" in cache; using the first, from namespace 'phyloseq'
Also defined by ‘tidytree’
Found more than one class "phylo" in cache; using the first, from namespace 'phyloseq'
Also defined by ‘tidytree’
Found more than one class "phylo" in cache; using the first, from namespace 'phyloseq'
Also defined by ‘tidytree’
Found more than one class "phylo" in cache; using the first, from namespace 'phyloseq'
Also defined by ‘tidytree’
Found more than one class "phylo" in cache; using the first, from namespace 'phyloseq'
Also defined by ‘tidytree’
Found more than one class "phylo" in cache; using the first, from namespace 'phyloseq'
Also defined by ‘tidytree’
Found more than one class "phylo" in cache; using the first, from namespace 'phyloseq'
Also defined by ‘tidytree’
Found more than one class "phylo" in cache; using the first, from namespace 'phyloseq'
Also defined by ‘tidytree’
Found more than one class "phylo" in cache; using the first, from namespace 'phyloseq'
Also defined by ‘tidytree’
Found more than one class "phylo" in cache; using the first, from namespace 'phyloseq'
Also defined by ‘tidytree’
'nperm' >= set of all permutations: complete enumeration.
Set of permutations < 'minperm'. Generating entire set.
Determining distance matrix based on shared 8-mers:
================================================================================

Time difference of 0 secs

Clustering into groups by similarity:
================================================================================

Time difference of 0 secs

Aligning Sequences:
================================================================================

Time difference of 0.25 secs

Iteration 1 of 2:

Determining distance matrix based on alignment:
================================================================================

Time difference of 0 secs

Reclustering into groups by similarity:
================================================================================

Time difference of 0.01 secs

Realigning Sequences:
================================================================================

Time difference of 0.19 secs

Iteration 2 of 2:

Determining distance matrix based on alignment:
================================================================================

Time difference of 0 secs

Reclustering into groups by similarity:
================================================================================

Time difference of 0.01 secs

Realigning Sequences:
================================================================================

Time difference of 0.01 secs

only one rate class, ignored optGamma
Found more than one class "phylo" in cache; using the first, from namespace 'phyloseq'
Also defined by ‘tidytree’
Found more than one class "phylo" in cache; using the first, from namespace 'phyloseq'
Also defined by ‘tidytree’
Found more than one class "phylo" in cache; using the first, from namespace 'phyloseq'
Also defined by ‘tidytree’
Found more than one class "phylo" in cache; using the first, from namespace 'phyloseq'
Also defined by ‘tidytree’
[viz] Phylogenetic tree attached.
Found more than one class "phylo" in cache; using the first, from namespace 'phyloseq'
Also defined by ‘tidytree’
Found more than one class "phylo" in cache; using the first, from namespace 'phyloseq'
Also defined by ‘tidytree’
Found more than one class "phylo" in cache; using the first, from namespace 'phyloseq'
Also defined by ‘tidytree’
Found more than one class "phylo" in cache; using the first, from namespace 'phyloseq'
Also defined by ‘tidytree’
Found more than one class "phylo" in cache; using the first, from namespace 'phyloseq'
Also defined by ‘tidytree’
Found more than one class "phylo" in cache; using the first, from namespace 'phyloseq'
Also defined by ‘tidytree’
Found more than one class "phylo" in cache; using the first, from namespace 'phyloseq'
Also defined by ‘tidytree’
Found more than one class "phylo" in cache; using the first, from namespace 'phyloseq'
Also defined by ‘tidytree’
Found more than one class "phylo" in cache; using the first, from namespace 'phyloseq'
Also defined by ‘tidytree’
Found more than one class "phylo" in cache; using the first, from namespace 'phyloseq'
Also defined by ‘tidytree’
Found more than one class "phylo" in cache; using the first, from namespace 'phyloseq'
Also defined by ‘tidytree’
Found more than one class "phylo" in cache; using the first, from namespace 'phyloseq'
Also defined by ‘tidytree’
Found more than one class "phylo" in cache; using the first, from namespace 'phyloseq'
Also defined by ‘tidytree’
Found more than one class "phylo" in cache; using the first, from namespace 'phyloseq'
Also defined by ‘tidytree’
Found more than one class "phylo" in cache; using the first, from namespace 'phyloseq'
Also defined by ‘tidytree’
Found more than one class "phylo" in cache; using the first, from namespace 'phyloseq'
Also defined by ‘tidytree’
Found more than one class "phylo" in cache; using the first, from namespace 'phyloseq'
Also defined by ‘tidytree’
Found more than one class "phylo" in cache; using the first, from namespace 'phyloseq'
Also defined by ‘tidytree’
Found more than one class "phylo" in cache; using the first, from namespace 'phyloseq'
Also defined by ‘tidytree’
Found more than one class "phylo" in cache; using the first, from namespace 'phyloseq'
Also defined by ‘tidytree’
Found more than one class "phylo" in cache; using the first, from namespace 'phyloseq'
Also defined by ‘tidytree’
Found more than one class "phylo" in cache; using the first, from namespace 'phyloseq'
Also defined by ‘tidytree’
Found more than one class "phylo" in cache; using the first, from namespace 'phyloseq'
Also defined by ‘tidytree’
Found more than one class "phylo" in cache; using the first, from namespace 'phyloseq'
Also defined by ‘tidytree’
Found more than one class "phylo" in cache; using the first, from namespace 'phyloseq'
Also defined by ‘tidytree’
Found more than one class "phylo" in cache; using the first, from namespace 'phyloseq'
Also defined by ‘tidytree’
Found more than one class "phylo" in cache; using the first, from namespace 'phyloseq'
Also defined by ‘tidytree’
Found more than one class "phylo" in cache; using the first, from namespace 'phyloseq'
Also defined by ‘tidytree’
Found more than one class "phylo" in cache; using the first, from namespace 'phyloseq'
Also defined by ‘tidytree’
Found more than one class "phylo" in cache; using the first, from namespace 'phyloseq'
Also defined by ‘tidytree’
Found more than one class "phylo" in cache; using the first, from namespace 'phyloseq'
Also defined by ‘tidytree’
Found more than one class "phylo" in cache; using the first, from namespace 'phyloseq'
Also defined by ‘tidytree’
Found more than one class "phylo" in cache; using the first, from namespace 'phyloseq'
Also defined by ‘tidytree’
Found more than one class "phylo" in cache; using the first, from namespace 'phyloseq'
Also defined by ‘tidytree’
Found more than one class "phylo" in cache; using the first, from namespace 'phyloseq'
Also defined by ‘tidytree’
Found more than one class "phylo" in cache; using the first, from namespace 'phyloseq'
Also defined by ‘tidytree’
Found more than one class "phylo" in cache; using the first, from namespace 'phyloseq'
Also defined by ‘tidytree’
Found more than one class "phylo" in cache; using the first, from namespace 'phyloseq'
Also defined by ‘tidytree’
Found more than one class "phylo" in cache; using the first, from namespace 'phyloseq'
Also defined by ‘tidytree’
Found more than one class "phylo" in cache; using the first, from namespace 'phyloseq'
Also defined by ‘tidytree’
Found more than one class "phylo" in cache; using the first, from namespace 'phyloseq'
Also defined by ‘tidytree’
Found more than one class "phylo" in cache; using the first, from namespace 'phyloseq'
Also defined by ‘tidytree’
Found more than one class "phylo" in cache; using the first, from namespace 'phyloseq'
Also defined by ‘tidytree’
Found more than one class "phylo" in cache; using the first, from namespace 'phyloseq'
Also defined by ‘tidytree’
Found more than one class "phylo" in cache; using the first, from namespace 'phyloseq'
Also defined by ‘tidytree’
Found more than one class "phylo" in cache; using the first, from namespace 'phyloseq'
Also defined by ‘tidytree’
Found more than one class "phylo" in cache; using the first, from namespace 'phyloseq'
Also defined by ‘tidytree’
Found more than one class "phylo" in cache; using the first, from namespace 'phyloseq'
Also defined by ‘tidytree’
Found more than one class "phylo" in cache; using the first, from namespace 'phyloseq'
Also defined by ‘tidytree’
Found more than one class "phylo" in cache; using the first, from namespace 'phyloseq'
Also defined by ‘tidytree’
Found more than one class "phylo" in cache; using the first, from namespace 'phyloseq'
Also defined by ‘tidytree’
Found more than one class "phylo" in cache; using the first, from namespace 'phyloseq'
Also defined by ‘tidytree’
Found more than one class "phylo" in cache; using the first, from namespace 'phyloseq'
Also defined by ‘tidytree’
Found more than one class "phylo" in cache; using the first, from namespace 'phyloseq'
Also defined by ‘tidytree’
Found more than one class "phylo" in cache; using the first, from namespace 'phyloseq'
Also defined by ‘tidytree’
Found more than one class "phylo" in cache; using the first, from namespace 'phyloseq'
Also defined by ‘tidytree’
Found more than one class "phylo" in cache; using the first, from namespace 'phyloseq'
Also defined by ‘tidytree’
Found more than one class "phylo" in cache; using the first, from namespace 'phyloseq'
Also defined by ‘tidytree’
Found more than one class "phylo" in cache; using the first, from namespace 'phyloseq'
Also defined by ‘tidytree’
Found more than one class "phylo" in cache; using the first, from namespace 'phyloseq'
Also defined by ‘tidytree’
Found more than one class "phylo" in cache; using the first, from namespace 'phyloseq'
Also defined by ‘tidytree’
Found more than one class "phylo" in cache; using the first, from namespace 'phyloseq'
Also defined by ‘tidytree’
Found more than one class "phylo" in cache; using the first, from namespace 'phyloseq'
Also defined by ‘tidytree’
Found more than one class "phylo" in cache; using the first, from namespace 'phyloseq'
Also defined by ‘tidytree’
Found more than one class "phylo" in cache; using the first, from namespace 'phyloseq'
Also defined by ‘tidytree’
Found more than one class "phylo" in cache; using the first, from namespace 'phyloseq'
Also defined by ‘tidytree’
Found more than one class "phylo" in cache; using the first, from namespace 'phyloseq'
Also defined by ‘tidytree’
Found more than one class "phylo" in cache; using the first, from namespace 'phyloseq'
Also defined by ‘tidytree’
Found more than one class "phylo" in cache; using the first, from namespace 'phyloseq'
Also defined by ‘tidytree’
Found more than one class "phylo" in cache; using the first, from namespace 'phyloseq'
Also defined by ‘tidytree’
Found more than one class "phylo" in cache; using the first, from namespace 'phyloseq'
Also defined by ‘tidytree’
Found more than one class "phylo" in cache; using the first, from namespace 'phyloseq'
Also defined by ‘tidytree’
Found more than one class "phylo" in cache; using the first, from namespace 'phyloseq'
Also defined by ‘tidytree’
Found more than one class "phylo" in cache; using the first, from namespace 'phyloseq'
Also defined by ‘tidytree’
Found more than one class "phylo" in cache; using the first, from namespace 'phyloseq'
Also defined by ‘tidytree’
Found more than one class "phylo" in cache; using the first, from namespace 'phyloseq'
Also defined by ‘tidytree’
Found more than one class "phylo" in cache; using the first, from namespace 'phyloseq'
Also defined by ‘tidytree’
Found more than one class "phylo" in cache; using the first, from namespace 'phyloseq'
Also defined by ‘tidytree’
Found more than one class "phylo" in cache; using the first, from namespace 'phyloseq'
Also defined by ‘tidytree’
Found more than one class "phylo" in cache; using the first, from namespace 'phyloseq'
Also defined by ‘tidytree’
Found more than one class "phylo" in cache; using the first, from namespace 'phyloseq'
Also defined by ‘tidytree’
Found more than one class "phylo" in cache; using the first, from namespace 'phyloseq'
Also defined by ‘tidytree’
Found more than one class "phylo" in cache; using the first, from namespace 'phyloseq'
Also defined by ‘tidytree’
Found more than one class "phylo" in cache; using the first, from namespace 'phyloseq'
Also defined by ‘tidytree’
Found more than one class "phylo" in cache; using the first, from namespace 'phyloseq'
Also defined by ‘tidytree’
Found more than one class "phylo" in cache; using the first, from namespace 'phyloseq'
Also defined by ‘tidytree’
Found more than one class "phylo" in cache; using the first, from namespace 'phyloseq'
Also defined by ‘tidytree’
Found more than one class "phylo" in cache; using the first, from namespace 'phyloseq'
Also defined by ‘tidytree’
Found more than one class "phylo" in cache; using the first, from namespace 'phyloseq'
Also defined by ‘tidytree’
Found more than one class "phylo" in cache; using the first, from namespace 'phyloseq'
Also defined by ‘tidytree’
Found more than one class "phylo" in cache; using the first, from namespace 'phyloseq'
Also defined by ‘tidytree’
Found more than one class "phylo" in cache; using the first, from namespace 'phyloseq'
Also defined by ‘tidytree’
Found more than one class "phylo" in cache; using the first, from namespace 'phyloseq'
Also defined by ‘tidytree’
Found more than one class "phylo" in cache; using the first, from namespace 'phyloseq'
Also defined by ‘tidytree’
Found more than one class "phylo" in cache; using the first, from namespace 'phyloseq'
Also defined by ‘tidytree’
Found more than one class "phylo" in cache; using the first, from namespace 'phyloseq'
Also defined by ‘tidytree’
Found more than one class "phylo" in cache; using the first, from namespace 'phyloseq'
Also defined by ‘tidytree’
Found more than one class "phylo" in cache; using the first, from namespace 'phyloseq'
Also defined by ‘tidytree’
Found more than one class "phylo" in cache; using the first, from namespace 'phyloseq'
Also defined by ‘tidytree’
Found more than one class "phylo" in cache; using the first, from namespace 'phyloseq'
Also defined by ‘tidytree’
Found more than one class "phylo" in cache; using the first, from namespace 'phyloseq'
Also defined by ‘tidytree’
Found more than one class "phylo" in cache; using the first, from namespace 'phyloseq'
Also defined by ‘tidytree’
Found more than one class "phylo" in cache; using the first, from namespace 'phyloseq'
Also defined by ‘tidytree’
Found more than one class "phylo" in cache; using the first, from namespace 'phyloseq'
Also defined by ‘tidytree’
Found more than one class "phylo" in cache; using the first, from namespace 'phyloseq'
Also defined by ‘tidytree’
Found more than one class "phylo" in cache; using the first, from namespace 'phyloseq'
Also defined by ‘tidytree’
Found more than one class "phylo" in cache; using the first, from namespace 'phyloseq'
Also defined by ‘tidytree’
Found more than one class "phylo" in cache; using the first, from namespace 'phyloseq'
Also defined by ‘tidytree’
Found more than one class "phylo" in cache; using the first, from namespace 'phyloseq'
Also defined by ‘tidytree’
Found more than one class "phylo" in cache; using the first, from namespace 'phyloseq'
Also defined by ‘tidytree’
Found more than one class "phylo" in cache; using the first, from namespace 'phyloseq'
Also defined by ‘tidytree’
Found more than one class "phylo" in cache; using the first, from namespace 'phyloseq'
Also defined by ‘tidytree’
Found more than one class "phylo" in cache; using the first, from namespace 'phyloseq'
Also defined by ‘tidytree’
Found more than one class "phylo" in cache; using the first, from namespace 'phyloseq'
Also defined by ‘tidytree’
Found more than one class "phylo" in cache; using the first, from namespace 'phyloseq'
Also defined by ‘tidytree’
Found more than one class "phylo" in cache; using the first, from namespace 'phyloseq'
Also defined by ‘tidytree’
Found more than one class "phylo" in cache; using the first, from namespace 'phyloseq'
Also defined by ‘tidytree’
Found more than one class "phylo" in cache; using the first, from namespace 'phyloseq'
Also defined by ‘tidytree’
Found more than one class "phylo" in cache; using the first, from namespace 'phyloseq'
Also defined by ‘tidytree’
Found more than one class "phylo" in cache; using the first, from namespace 'phyloseq'
Also defined by ‘tidytree’
Found more than one class "phylo" in cache; using the first, from namespace 'phyloseq'
Also defined by ‘tidytree’
Found more than one class "phylo" in cache; using the first, from namespace 'phyloseq'
Also defined by ‘tidytree’
Found more than one class "phylo" in cache; using the first, from namespace 'phyloseq'
Also defined by ‘tidytree’
Found more than one class "phylo" in cache; using the first, from namespace 'phyloseq'
Also defined by ‘tidytree’
Found more than one class "phylo" in cache; using the first, from namespace 'phyloseq'
Also defined by ‘tidytree’
Found more than one class "phylo" in cache; using the first, from namespace 'phyloseq'
Also defined by ‘tidytree’
Found more than one class "phylo" in cache; using the first, from namespace 'phyloseq'
Also defined by ‘tidytree’
Found more than one class "phylo" in cache; using the first, from namespace 'phyloseq'
Also defined by ‘tidytree’
Found more than one class "phylo" in cache; using the first, from namespace 'phyloseq'
Also defined by ‘tidytree’
Found more than one class "phylo" in cache; using the first, from namespace 'phyloseq'
Also defined by ‘tidytree’
Found more than one class "phylo" in cache; using the first, from namespace 'phyloseq'
Also defined by ‘tidytree’
Found more than one class "phylo" in cache; using the first, from namespace 'phyloseq'
Also defined by ‘tidytree’
Found more than one class "phylo" in cache; using the first, from namespace 'phyloseq'
Also defined by ‘tidytree’
Found more than one class "phylo" in cache; using the first, from namespace 'phyloseq'
Also defined by ‘tidytree’
Found more than one class "phylo" in cache; using the first, from namespace 'phyloseq'
Also defined by ‘tidytree’
Found more than one class "phylo" in cache; using the first, from namespace 'phyloseq'
Also defined by ‘tidytree’
Found more than one class "phylo" in cache; using the first, from namespace 'phyloseq'
Also defined by ‘tidytree’
Found more than one class "phylo" in cache; using the first, from namespace 'phyloseq'
Also defined by ‘tidytree’
Found more than one class "phylo" in cache; using the first, from namespace 'phyloseq'
Also defined by ‘tidytree’
Found more than one class "phylo" in cache; using the first, from namespace 'phyloseq'
Also defined by ‘tidytree’
Found more than one class "phylo" in cache; using the first, from namespace 'phyloseq'
Also defined by ‘tidytree’
Found more than one class "phylo" in cache; using the first, from namespace 'phyloseq'
Also defined by ‘tidytree’
Found more than one class "phylo" in cache; using the first, from namespace 'phyloseq'
Also defined by ‘tidytree’
Found more than one class "phylo" in cache; using the first, from namespace 'phyloseq'
Also defined by ‘tidytree’
Found more than one class "phylo" in cache; using the first, from namespace 'phyloseq'
Also defined by ‘tidytree’
Found more than one class "phylo" in cache; using the first, from namespace 'phyloseq'
Also defined by ‘tidytree’
Found more than one class "phylo" in cache; using the first, from namespace 'phyloseq'
Also defined by ‘tidytree’
Found more than one class "phylo" in cache; using the first, from namespace 'phyloseq'
Also defined by ‘tidytree’
Found more than one class "phylo" in cache; using the first, from namespace 'phyloseq'
Also defined by ‘tidytree’
Found more than one class "phylo" in cache; using the first, from namespace 'phyloseq'
Also defined by ‘tidytree’
Found more than one class "phylo" in cache; using the first, from namespace 'phyloseq'
Also defined by ‘tidytree’
Found more than one class "phylo" in cache; using the first, from namespace 'phyloseq'
Also defined by ‘tidytree’
Found more than one class "phylo" in cache; using the first, from namespace 'phyloseq'
Also defined by ‘tidytree’
Found more than one class "phylo" in cache; using the first, from namespace 'phyloseq'
Also defined by ‘tidytree’
Found more than one class "phylo" in cache; using the first, from namespace 'phyloseq'
Also defined by ‘tidytree’
Found more than one class "phylo" in cache; using the first, from namespace 'phyloseq'
Also defined by ‘tidytree’
Found more than one class "phylo" in cache; using the first, from namespace 'phyloseq'
Also defined by ‘tidytree’
Found more than one class "phylo" in cache; using the first, from namespace 'phyloseq'
Also defined by ‘tidytree’
Found more than one class "phylo" in cache; using the first, from namespace 'phyloseq'
Also defined by ‘tidytree’
Found more than one class "phylo" in cache; using the first, from namespace 'phyloseq'
Also defined by ‘tidytree’
Found more than one class "phylo" in cache; using the first, from namespace 'phyloseq'
Also defined by ‘tidytree’
Found more than one class "phylo" in cache; using the first, from namespace 'phyloseq'
Also defined by ‘tidytree’
Found more than one class "phylo" in cache; using the first, from namespace 'phyloseq'
Also defined by ‘tidytree’
Found more than one class "phylo" in cache; using the first, from namespace 'phyloseq'
Also defined by ‘tidytree’
Found more than one class "phylo" in cache; using the first, from namespace 'phyloseq'
Also defined by ‘tidytree’
Found more than one class "phylo" in cache; using the first, from namespace 'phyloseq'
Also defined by ‘tidytree’
Found more than one class "phylo" in cache; using the first, from namespace 'phyloseq'
Also defined by ‘tidytree’
Found more than one class "phylo" in cache; using the first, from namespace 'phyloseq'
Also defined by ‘tidytree’
Found more than one class "phylo" in cache; using the first, from namespace 'phyloseq'
Also defined by ‘tidytree’
Found more than one class "phylo" in cache; using the first, from namespace 'phyloseq'
Also defined by ‘tidytree’
Found more than one class "phylo" in cache; using the first, from namespace 'phyloseq'
Also defined by ‘tidytree’
Found more than one class "phylo" in cache; using the first, from namespace 'phyloseq'
Also defined by ‘tidytree’
Found more than one class "phylo" in cache; using the first, from namespace 'phyloseq'
Also defined by ‘tidytree’
Found more than one class "phylo" in cache; using the first, from namespace 'phyloseq'
Also defined by ‘tidytree’
Found more than one class "phylo" in cache; using the first, from namespace 'phyloseq'
Also defined by ‘tidytree’
Found more than one class "phylo" in cache; using the first, from namespace 'phyloseq'
Also defined by ‘tidytree’
Found more than one class "phylo" in cache; using the first, from namespace 'phyloseq'
Also defined by ‘tidytree’
Found more than one class "phylo" in cache; using the first, from namespace 'phyloseq'
Also defined by ‘tidytree’
Found more than one class "phylo" in cache; using the first, from namespace 'phyloseq'
Also defined by ‘tidytree’
Found more than one class "phylo" in cache; using the first, from namespace 'phyloseq'
Also defined by ‘tidytree’
Found more than one class "phylo" in cache; using the first, from namespace 'phyloseq'
Also defined by ‘tidytree’
Found more than one class "phylo" in cache; using the first, from namespace 'phyloseq'
Also defined by ‘tidytree’
Found more than one class "phylo" in cache; using the first, from namespace 'phyloseq'
Also defined by ‘tidytree’
Found more than one class "phylo" in cache; using the first, from namespace 'phyloseq'
Also defined by ‘tidytree’
Found more than one class "phylo" in cache; using the first, from namespace 'phyloseq'
Also defined by ‘tidytree’
Found more than one class "phylo" in cache; using the first, from namespace 'phyloseq'
Also defined by ‘tidytree’
Found more than one class "phylo" in cache; using the first, from namespace 'phyloseq'
Also defined by ‘tidytree’
Found more than one class "phylo" in cache; using the first, from namespace 'phyloseq'
Also defined by ‘tidytree’
Found more than one class "phylo" in cache; using the first, from namespace 'phyloseq'
Also defined by ‘tidytree’
Found more than one class "phylo" in cache; using the first, from namespace 'phyloseq'
Also defined by ‘tidytree’
Found more than one class "phylo" in cache; using the first, from namespace 'phyloseq'
Also defined by ‘tidytree’
Found more than one class "phylo" in cache; using the first, from namespace 'phyloseq'
Also defined by ‘tidytree’
Found more than one class "phylo" in cache; using the first, from namespace 'phyloseq'
Also defined by ‘tidytree’
Found more than one class "phylo" in cache; using the first, from namespace 'phyloseq'
Also defined by ‘tidytree’
Found more than one class "phylo" in cache; using the first, from namespace 'phyloseq'
Also defined by ‘tidytree’
Found more than one class "phylo" in cache; using the first, from namespace 'phyloseq'
Also defined by ‘tidytree’
Found more than one class "phylo" in cache; using the first, from namespace 'phyloseq'
Also defined by ‘tidytree’
Found more than one class "phylo" in cache; using the first, from namespace 'phyloseq'
Also defined by ‘tidytree’
Found more than one class "phylo" in cache; using the first, from namespace 'phyloseq'
Also defined by ‘tidytree’
Found more than one class "phylo" in cache; using the first, from namespace 'phyloseq'
Also defined by ‘tidytree’
Found more than one class "phylo" in cache; using the first, from namespace 'phyloseq'
Also defined by ‘tidytree’
Found more than one class "phylo" in cache; using the first, from namespace 'phyloseq'
Also defined by ‘tidytree’
Found more than one class "phylo" in cache; using the first, from namespace 'phyloseq'
Also defined by ‘tidytree’
Found more than one class "phylo" in cache; using the first, from namespace 'phyloseq'
Also defined by ‘tidytree’
Found more than one class "phylo" in cache; using the first, from namespace 'phyloseq'
Also defined by ‘tidytree’
Found more than one class "phylo" in cache; using the first, from namespace 'phyloseq'
Also defined by ‘tidytree’
Found more than one class "phylo" in cache; using the first, from namespace 'phyloseq'
Also defined by ‘tidytree’
Found more than one class "phylo" in cache; using the first, from namespace 'phyloseq'
Also defined by ‘tidytree’
Found more than one class "phylo" in cache; using the first, from namespace 'phyloseq'
Also defined by ‘tidytree’
Found more than one class "phylo" in cache; using the first, from namespace 'phyloseq'
Also defined by ‘tidytree’
Found more than one class "phylo" in cache; using the first, from namespace 'phyloseq'
Also defined by ‘tidytree’
Found more than one class "phylo" in cache; using the first, from namespace 'phyloseq'
Also defined by ‘tidytree’
Found more than one class "phylo" in cache; using the first, from namespace 'phyloseq'
Also defined by ‘tidytree’
Found more than one class "phylo" in cache; using the first, from namespace 'phyloseq'
Also defined by ‘tidytree’
Found more than one class "phylo" in cache; using the first, from namespace 'phyloseq'
Also defined by ‘tidytree’
Found more than one class "phylo" in cache; using the first, from namespace 'phyloseq'
Also defined by ‘tidytree’
Found more than one class "phylo" in cache; using the first, from namespace 'phyloseq'
Also defined by ‘tidytree’
Found more than one class "phylo" in cache; using the first, from namespace 'phyloseq'
Also defined by ‘tidytree’
Found more than one class "phylo" in cache; using the first, from namespace 'phyloseq'
Also defined by ‘tidytree’
Found more than one class "phylo" in cache; using the first, from namespace 'phyloseq'
Also defined by ‘tidytree’
Found more than one class "phylo" in cache; using the first, from namespace 'phyloseq'
Also defined by ‘tidytree’
Found more than one class "phylo" in cache; using the first, from namespace 'phyloseq'
Also defined by ‘tidytree’
Found more than one class "phylo" in cache; using the first, from namespace 'phyloseq'
Also defined by ‘tidytree’
Found more than one class "phylo" in cache; using the first, from namespace 'phyloseq'
Also defined by ‘tidytree’
Found more than one class "phylo" in cache; using the first, from namespace 'phyloseq'
Also defined by ‘tidytree’
Found more than one class "phylo" in cache; using the first, from namespace 'phyloseq'
Also defined by ‘tidytree’
Found more than one class "phylo" in cache; using the first, from namespace 'phyloseq'
Also defined by ‘tidytree’
Found more than one class "phylo" in cache; using the first, from namespace 'phyloseq'
Also defined by ‘tidytree’
Found more than one class "phylo" in cache; using the first, from namespace 'phyloseq'
Also defined by ‘tidytree’
Found more than one class "phylo" in cache; using the first, from namespace 'phyloseq'
Also defined by ‘tidytree’
Found more than one class "phylo" in cache; using the first, from namespace 'phyloseq'
Also defined by ‘tidytree’
Found more than one class "phylo" in cache; using the first, from namespace 'phyloseq'
Also defined by ‘tidytree’
Found more than one class "phylo" in cache; using the first, from namespace 'phyloseq'
Also defined by ‘tidytree’
Found more than one class "phylo" in cache; using the first, from namespace 'phyloseq'
Also defined by ‘tidytree’
Found more than one class "phylo" in cache; using the first, from namespace 'phyloseq'
Also defined by ‘tidytree’
Found more than one class "phylo" in cache; using the first, from namespace 'phyloseq'
Also defined by ‘tidytree’
Found more than one class "phylo" in cache; using the first, from namespace 'phyloseq'
Also defined by ‘tidytree’
Found more than one class "phylo" in cache; using the first, from namespace 'phyloseq'
Also defined by ‘tidytree’
Found more than one class "phylo" in cache; using the first, from namespace 'phyloseq'
Also defined by ‘tidytree’
Found more than one class "phylo" in cache; using the first, from namespace 'phyloseq'
Also defined by ‘tidytree’
Found more than one class "phylo" in cache; using the first, from namespace 'phyloseq'
Also defined by ‘tidytree’
Found more than one class "phylo" in cache; using the first, from namespace 'phyloseq'
Also defined by ‘tidytree’
Found more than one class "phylo" in cache; using the first, from namespace 'phyloseq'
Also defined by ‘tidytree’
Found more than one class "phylo" in cache; using the first, from namespace 'phyloseq'
Also defined by ‘tidytree’
Found more than one class "phylo" in cache; using the first, from namespace 'phyloseq'
Also defined by ‘tidytree’
Found more than one class "phylo" in cache; using the first, from namespace 'phyloseq'
Also defined by ‘tidytree’
Found more than one class "phylo" in cache; using the first, from namespace 'phyloseq'
Also defined by ‘tidytree’
Found more than one class "phylo" in cache; using the first, from namespace 'phyloseq'
Also defined by ‘tidytree’
Found more than one class "phylo" in cache; using the first, from namespace 'phyloseq'
Also defined by ‘tidytree’
Found more than one class "phylo" in cache; using the first, from namespace 'phyloseq'
Also defined by ‘tidytree’
Found more than one class "phylo" in cache; using the first, from namespace 'phyloseq'
Also defined by ‘tidytree’
Found more than one class "phylo" in cache; using the first, from namespace 'phyloseq'
Also defined by ‘tidytree’
Found more than one class "phylo" in cache; using the first, from namespace 'phyloseq'
Also defined by ‘tidytree’
Found more than one class "phylo" in cache; using the first, from namespace 'phyloseq'
Also defined by ‘tidytree’
Found more than one class "phylo" in cache; using the first, from namespace 'phyloseq'
Also defined by ‘tidytree’
Found more than one class "phylo" in cache; using the first, from namespace 'phyloseq'
Also defined by ‘tidytree’
Found more than one class "phylo" in cache; using the first, from namespace 'phyloseq'
Also defined by ‘tidytree’
Found more than one class "phylo" in cache; using the first, from namespace 'phyloseq'
Also defined by ‘tidytree’
Found more than one class "phylo" in cache; using the first, from namespace 'phyloseq'
Also defined by ‘tidytree’
Found more than one class "phylo" in cache; using the first, from namespace 'phyloseq'
Also defined by ‘tidytree’
Found more than one class "phylo" in cache; using the first, from namespace 'phyloseq'
Also defined by ‘tidytree’
Found more than one class "phylo" in cache; using the first, from namespace 'phyloseq'
Also defined by ‘tidytree’
Found more than one class "phylo" in cache; using the first, from namespace 'phyloseq'
Also defined by ‘tidytree’
Found more than one class "phylo" in cache; using the first, from namespace 'phyloseq'
Also defined by ‘tidytree’
Found more than one class "phylo" in cache; using the first, from namespace 'phyloseq'
Also defined by ‘tidytree’
Found more than one class "phylo" in cache; using the first, from namespace 'phyloseq'
Also defined by ‘tidytree’
Found more than one class "phylo" in cache; using the first, from namespace 'phyloseq'
Also defined by ‘tidytree’
Found more than one class "phylo" in cache; using the first, from namespace 'phyloseq'
Also defined by ‘tidytree’
Found more than one class "phylo" in cache; using the first, from namespace 'phyloseq'
Also defined by ‘tidytree’
Found more than one class "phylo" in cache; using the first, from namespace 'phyloseq'
Also defined by ‘tidytree’
Found more than one class "phylo" in cache; using the first, from namespace 'phyloseq'
Also defined by ‘tidytree’
Found more than one class "phylo" in cache; using the first, from namespace 'phyloseq'
Also defined by ‘tidytree’
Found more than one class "phylo" in cache; using the first, from namespace 'phyloseq'
Also defined by ‘tidytree’
Found more than one class "phylo" in cache; using the first, from namespace 'phyloseq'
Also defined by ‘tidytree’
Found more than one class "phylo" in cache; using the first, from namespace 'phyloseq'
Also defined by ‘tidytree’
Found more than one class "phylo" in cache; using the first, from namespace 'phyloseq'
Also defined by ‘tidytree’
Found more than one class "phylo" in cache; using the first, from namespace 'phyloseq'
Also defined by ‘tidytree’
Found more than one class "phylo" in cache; using the first, from namespace 'phyloseq'
Also defined by ‘tidytree’
Found more than one class "phylo" in cache; using the first, from namespace 'phyloseq'
Also defined by ‘tidytree’
Found more than one class "phylo" in cache; using the first, from namespace 'phyloseq'
Also defined by ‘tidytree’
Found more than one class "phylo" in cache; using the first, from namespace 'phyloseq'
Also defined by ‘tidytree’
Found more than one class "phylo" in cache; using the first, from namespace 'phyloseq'
Also defined by ‘tidytree’
Found more than one class "phylo" in cache; using the first, from namespace 'phyloseq'
Also defined by ‘tidytree’
Found more than one class "phylo" in cache; using the first, from namespace 'phyloseq'
Also defined by ‘tidytree’
Found more than one class "phylo" in cache; using the first, from namespace 'phyloseq'
Also defined by ‘tidytree’
Found more than one class "phylo" in cache; using the first, from namespace 'phyloseq'
Also defined by ‘tidytree’
Found more than one class "phylo" in cache; using the first, from namespace 'phyloseq'
Also defined by ‘tidytree’
Found more than one class "phylo" in cache; using the first, from namespace 'phyloseq'
Also defined by ‘tidytree’
Found more than one class "phylo" in cache; using the first, from namespace 'phyloseq'
Also defined by ‘tidytree’
Found more than one class "phylo" in cache; using the first, from namespace 'phyloseq'
Also defined by ‘tidytree’
Found more than one class "phylo" in cache; using the first, from namespace 'phyloseq'
Also defined by ‘tidytree’
Found more than one class "phylo" in cache; using the first, from namespace 'phyloseq'
Also defined by ‘tidytree’
Found more than one class "phylo" in cache; using the first, from namespace 'phyloseq'
Also defined by ‘tidytree’
Found more than one class "phylo" in cache; using the first, from namespace 'phyloseq'
Also defined by ‘tidytree’
Found more than one class "phylo" in cache; using the first, from namespace 'phyloseq'
Also defined by ‘tidytree’
Found more than one class "phylo" in cache; using the first, from namespace 'phyloseq'
Also defined by ‘tidytree’
Found more than one class "phylo" in cache; using the first, from namespace 'phyloseq'
Also defined by ‘tidytree’
Found more than one class "phylo" in cache; using the first, from namespace 'phyloseq'
Also defined by ‘tidytree’
Found more than one class "phylo" in cache; using the first, from namespace 'phyloseq'
Also defined by ‘tidytree’
Found more than one class "phylo" in cache; using the first, from namespace 'phyloseq'
Also defined by ‘tidytree’
Found more than one class "phylo" in cache; using the first, from namespace 'phyloseq'
Also defined by ‘tidytree’
Found more than one class "phylo" in cache; using the first, from namespace 'phyloseq'
Also defined by ‘tidytree’
Found more than one class "phylo" in cache; using the first, from namespace 'phyloseq'
Also defined by ‘tidytree’
Found more than one class "phylo" in cache; using the first, from namespace 'phyloseq'
Also defined by ‘tidytree’
Found more than one class "phylo" in cache; using the first, from namespace 'phyloseq'
Also defined by ‘tidytree’
Found more than one class "phylo" in cache; using the first, from namespace 'phyloseq'
Also defined by ‘tidytree’
Found more than one class "phylo" in cache; using the first, from namespace 'phyloseq'
Also defined by ‘tidytree’
Found more than one class "phylo" in cache; using the first, from namespace 'phyloseq'
Also defined by ‘tidytree’
Found more than one class "phylo" in cache; using the first, from namespace 'phyloseq'
Also defined by ‘tidytree’
Found more than one class "phylo" in cache; using the first, from namespace 'phyloseq'
Also defined by ‘tidytree’
Found more than one class "phylo" in cache; using the first, from namespace 'phyloseq'
Also defined by ‘tidytree’
Found more than one class "phylo" in cache; using the first, from namespace 'phyloseq'
Also defined by ‘tidytree’
Found more than one class "phylo" in cache; using the first, from namespace 'phyloseq'
Also defined by ‘tidytree’
Found more than one class "phylo" in cache; using the first, from namespace 'phyloseq'
Also defined by ‘tidytree’
Found more than one class "phylo" in cache; using the first, from namespace 'phyloseq'
Also defined by ‘tidytree’
Found more than one class "phylo" in cache; using the first, from namespace 'phyloseq'
Also defined by ‘tidytree’
Found more than one class "phylo" in cache; using the first, from namespace 'phyloseq'
Also defined by ‘tidytree’
Found more than one class "phylo" in cache; using the first, from namespace 'phyloseq'
Also defined by ‘tidytree’
Found more than one class "phylo" in cache; using the first, from namespace 'phyloseq'
Also defined by ‘tidytree’
Found more than one class "phylo" in cache; using the first, from namespace 'phyloseq'
Also defined by ‘tidytree’
Found more than one class "phylo" in cache; using the first, from namespace 'phyloseq'
Also defined by ‘tidytree’
Found more than one class "phylo" in cache; using the first, from namespace 'phyloseq'
Also defined by ‘tidytree’
Found more than one class "phylo" in cache; using the first, from namespace 'phyloseq'
Also defined by ‘tidytree’
Found more than one class "phylo" in cache; using the first, from namespace 'phyloseq'
Also defined by ‘tidytree’
Found more than one class "phylo" in cache; using the first, from namespace 'phyloseq'
Also defined by ‘tidytree’
Found more than one class "phylo" in cache; using the first, from namespace 'phyloseq'
Also defined by ‘tidytree’
Found more than one class "phylo" in cache; using the first, from namespace 'phyloseq'
Also defined by ‘tidytree’
Found more than one class "phylo" in cache; using the first, from namespace 'phyloseq'
Also defined by ‘tidytree’
Found more than one class "phylo" in cache; using the first, from namespace 'phyloseq'
Also defined by ‘tidytree’
Found more than one class "phylo" in cache; using the first, from namespace 'phyloseq'
Also defined by ‘tidytree’
Found more than one class "phylo" in cache; using the first, from namespace 'phyloseq'
Also defined by ‘tidytree’
Found more than one class "phylo" in cache; using the first, from namespace 'phyloseq'
Also defined by ‘tidytree’
Found more than one class "phylo" in cache; using the first, from namespace 'phyloseq'
Also defined by ‘tidytree’
Found more than one class "phylo" in cache; using the first, from namespace 'phyloseq'
Also defined by ‘tidytree’
Found more than one class "phylo" in cache; using the first, from namespace 'phyloseq'
Also defined by ‘tidytree’
Found more than one class "phylo" in cache; using the first, from namespace 'phyloseq'
Also defined by ‘tidytree’
Found more than one class "phylo" in cache; using the first, from namespace 'phyloseq'
Also defined by ‘tidytree’
Found more than one class "phylo" in cache; using the first, from namespace 'phyloseq'
Also defined by ‘tidytree’
Found more than one class "phylo" in cache; using the first, from namespace 'phyloseq'
Also defined by ‘tidytree’
Found more than one class "phylo" in cache; using the first, from namespace 'phyloseq'
Also defined by ‘tidytree’
Found more than one class "phylo" in cache; using the first, from namespace 'phyloseq'
Also defined by ‘tidytree’
Found more than one class "phylo" in cache; using the first, from namespace 'phyloseq'
Also defined by ‘tidytree’
Found more than one class "phylo" in cache; using the first, from namespace 'phyloseq'
Also defined by ‘tidytree’
Found more than one class "phylo" in cache; using the first, from namespace 'phyloseq'
Also defined by ‘tidytree’
Found more than one class "phylo" in cache; using the first, from namespace 'phyloseq'
Also defined by ‘tidytree’
Found more than one class "phylo" in cache; using the first, from namespace 'phyloseq'
Also defined by ‘tidytree’
Found more than one class "phylo" in cache; using the first, from namespace 'phyloseq'
Also defined by ‘tidytree’
Found more than one class "phylo" in cache; using the first, from namespace 'phyloseq'
Also defined by ‘tidytree’
Found more than one class "phylo" in cache; using the first, from namespace 'phyloseq'
Also defined by ‘tidytree’
Found more than one class "phylo" in cache; using the first, from namespace 'phyloseq'
Also defined by ‘tidytree’
Found more than one class "phylo" in cache; using the first, from namespace 'phyloseq'
Also defined by ‘tidytree’
Found more than one class "phylo" in cache; using the first, from namespace 'phyloseq'
Also defined by ‘tidytree’
Found more than one class "phylo" in cache; using the first, from namespace 'phyloseq'
Also defined by ‘tidytree’
Found more than one class "phylo" in cache; using the first, from namespace 'phyloseq'
Also defined by ‘tidytree’
Found more than one class "phylo" in cache; using the first, from namespace 'phyloseq'
Also defined by ‘tidytree’
Found more than one class "phylo" in cache; using the first, from namespace 'phyloseq'
Also defined by ‘tidytree’
Found more than one class "phylo" in cache; using the first, from namespace 'phyloseq'
Also defined by ‘tidytree’
Found more than one class "phylo" in cache; using the first, from namespace 'phyloseq'
Also defined by ‘tidytree’
Found more than one class "phylo" in cache; using the first, from namespace 'phyloseq'
Also defined by ‘tidytree’
Found more than one class "phylo" in cache; using the first, from namespace 'phyloseq'
Also defined by ‘tidytree’
Found more than one class "phylo" in cache; using the first, from namespace 'phyloseq'
Also defined by ‘tidytree’
Found more than one class "phylo" in cache; using the first, from namespace 'phyloseq'
Also defined by ‘tidytree’
Found more than one class "phylo" in cache; using the first, from namespace 'phyloseq'
Also defined by ‘tidytree’
Found more than one class "phylo" in cache; using the first, from namespace 'phyloseq'
Also defined by ‘tidytree’
Found more than one class "phylo" in cache; using the first, from namespace 'phyloseq'
Also defined by ‘tidytree’
Found more than one class "phylo" in cache; using the first, from namespace 'phyloseq'
Also defined by ‘tidytree’
Found more than one class "phylo" in cache; using the first, from namespace 'phyloseq'
Also defined by ‘tidytree’
Found more than one class "phylo" in cache; using the first, from namespace 'phyloseq'
Also defined by ‘tidytree’
Found more than one class "phylo" in cache; using the first, from namespace 'phyloseq'
Also defined by ‘tidytree’
Found more than one class "phylo" in cache; using the first, from namespace 'phyloseq'
Also defined by ‘tidytree’
Found more than one class "phylo" in cache; using the first, from namespace 'phyloseq'
Also defined by ‘tidytree’
Found more than one class "phylo" in cache; using the first, from namespace 'phyloseq'
Also defined by ‘tidytree’
Found more than one class "phylo" in cache; using the first, from namespace 'phyloseq'
Also defined by ‘tidytree’
Found more than one class "phylo" in cache; using the first, from namespace 'phyloseq'
Also defined by ‘tidytree’
Found more than one class "phylo" in cache; using the first, from namespace 'phyloseq'
Also defined by ‘tidytree’
Found more than one class "phylo" in cache; using the first, from namespace 'phyloseq'
Also defined by ‘tidytree’
Found more than one class "phylo" in cache; using the first, from namespace 'phyloseq'
Also defined by ‘tidytree’
Found more than one class "phylo" in cache; using the first, from namespace 'phyloseq'
Also defined by ‘tidytree’
Found more than one class "phylo" in cache; using the first, from namespace 'phyloseq'
Also defined by ‘tidytree’
Found more than one class "phylo" in cache; using the first, from namespace 'phyloseq'
Also defined by ‘tidytree’
Found more than one class "phylo" in cache; using the first, from namespace 'phyloseq'
Also defined by ‘tidytree’
Found more than one class "phylo" in cache; using the first, from namespace 'phyloseq'
Also defined by ‘tidytree’
Found more than one class "phylo" in cache; using the first, from namespace 'phyloseq'
Also defined by ‘tidytree’
Found more than one class "phylo" in cache; using the first, from namespace 'phyloseq'
Also defined by ‘tidytree’
Found more than one class "phylo" in cache; using the first, from namespace 'phyloseq'
Also defined by ‘tidytree’
Found more than one class "phylo" in cache; using the first, from namespace 'phyloseq'
Also defined by ‘tidytree’
Found more than one class "phylo" in cache; using the first, from namespace 'phyloseq'
Also defined by ‘tidytree’
Found more than one class "phylo" in cache; using the first, from namespace 'phyloseq'
Also defined by ‘tidytree’
Found more than one class "phylo" in cache; using the first, from namespace 'phyloseq'
Also defined by ‘tidytree’
Found more than one class "phylo" in cache; using the first, from namespace 'phyloseq'
Also defined by ‘tidytree’
Found more than one class "phylo" in cache; using the first, from namespace 'phyloseq'
Also defined by ‘tidytree’
Found more than one class "phylo" in cache; using the first, from namespace 'phyloseq'
Also defined by ‘tidytree’
Found more than one class "phylo" in cache; using the first, from namespace 'phyloseq'
Also defined by ‘tidytree’
Found more than one class "phylo" in cache; using the first, from namespace 'phyloseq'
Also defined by ‘tidytree’
Found more than one class "phylo" in cache; using the first, from namespace 'phyloseq'
Also defined by ‘tidytree’
Found more than one class "phylo" in cache; using the first, from namespace 'phyloseq'
Also defined by ‘tidytree’
Found more than one class "phylo" in cache; using the first, from namespace 'phyloseq'
Also defined by ‘tidytree’
Found more than one class "phylo" in cache; using the first, from namespace 'phyloseq'
Also defined by ‘tidytree’
Found more than one class "phylo" in cache; using the first, from namespace 'phyloseq'
Also defined by ‘tidytree’
Found more than one class "phylo" in cache; using the first, from namespace 'phyloseq'
Also defined by ‘tidytree’
Found more than one class "phylo" in cache; using the first, from namespace 'phyloseq'
Also defined by ‘tidytree’
Found more than one class "phylo" in cache; using the first, from namespace 'phyloseq'
Also defined by ‘tidytree’
Found more than one class "phylo" in cache; using the first, from namespace 'phyloseq'
Also defined by ‘tidytree’
Found more than one class "phylo" in cache; using the first, from namespace 'phyloseq'
Also defined by ‘tidytree’
Found more than one class "phylo" in cache; using the first, from namespace 'phyloseq'
Also defined by ‘tidytree’
Found more than one class "phylo" in cache; using the first, from namespace 'phyloseq'
Also defined by ‘tidytree’
Found more than one class "phylo" in cache; using the first, from namespace 'phyloseq'
Also defined by ‘tidytree’
Found more than one class "phylo" in cache; using the first, from namespace 'phyloseq'
Also defined by ‘tidytree’
Found more than one class "phylo" in cache; using the first, from namespace 'phyloseq'
Also defined by ‘tidytree’
Found more than one class "phylo" in cache; using the first, from namespace 'phyloseq'
Also defined by ‘tidytree’
Found more than one class "phylo" in cache; using the first, from namespace 'phyloseq'
Also defined by ‘tidytree’
Found more than one class "phylo" in cache; using the first, from namespace 'phyloseq'
Also defined by ‘tidytree’
Found more than one class "phylo" in cache; using the first, from namespace 'phyloseq'
Also defined by ‘tidytree’
Found more than one class "phylo" in cache; using the first, from namespace 'phyloseq'
Also defined by ‘tidytree’
Found more than one class "phylo" in cache; using the first, from namespace 'phyloseq'
Also defined by ‘tidytree’
Found more than one class "phylo" in cache; using the first, from namespace 'phyloseq'
Also defined by ‘tidytree’
Found more than one class "phylo" in cache; using the first, from namespace 'phyloseq'
Also defined by ‘tidytree’
Found more than one class "phylo" in cache; using the first, from namespace 'phyloseq'
Also defined by ‘tidytree’
[viz] Completed plots.
Warning messages:
1: In UniFrac(physeq, ...) :
  Randomly assigning root as -- ASV18 -- in the phylogenetic tree in the data you provided.
2: `aes_()` was deprecated in ggplot2 3.0.0.
ℹ Please use tidy evaluation idioms with `aes()`
ℹ The deprecated feature was likely used in the ggtree package.
  Please report the issue at <https://github.com/YuLab-SMU/ggtree/issues>. 
3: In fortify(data, ...) : Arguments in `...` must be used.
✖ Problematic arguments:
• as.Date = as.Date
• yscale_mapping = yscale_mapping
• hang = hang
• size = 0.4
ℹ Did you misspell an argument name?
4: Using `size` aesthetic for lines was deprecated in ggplot2 3.4.0.
ℹ Please use `linewidth` instead.
ℹ The deprecated feature was likely used in the ggtree package.
  Please report the issue at <https://github.com/YuLab-SMU/ggtree/issues>. 
5: In fortify(data, ...) : Arguments in `...` must be used.
✖ Problematic arguments:
• as.Date = as.Date
• yscale_mapping = yscale_mapping
• hang = hang
• size = 0.3
ℹ Did you misspell an argument name?
6: `aes_string()` was deprecated in ggplot2 3.0.0.
ℹ Please use tidy evaluation idioms with `aes()`.
ℹ See also `vignette("ggplot2-in-packages")` for more information.
ℹ The deprecated feature was likely used in the phyloseq package.
  Please report the issue at <https://github.com/joey711/phyloseq/issues>. 
[runner] Done.
