=== 16S rRNA Trimming Pipeline ===
Started at: Tue Oct 28 12:45:03 AM PKT 2025
Input directory: HF
Output directory: HF/trimmed
Forward primer: GTGYCAGCMGCCGCGGTAA
Reverse primer: GGACTACNVGGGTWTCTAAT
Minimum length: 100
Quality threshold: 20
Using 12 threads
----------------------------------------
Processing sample: HF1
Sample HF1 completed:
  Input reads: 126584
  Read1 with adapter: 125994
  Read2 with adapter: 125972
  Primer (adapters) found total: 251966
  Passed filters: 125136
  Percent kept: 98.86%
----------------------------------------
✅ Finished HF1
Processing sample: HF2
Sample HF2 completed:
  Input reads: 126584
  Read1 with adapter: 125994
  Read2 with adapter: 125972
  Primer (adapters) found total: 251966
  Passed filters: 125136
  Percent kept: 98.86%
----------------------------------------
✅ Finished HF2
Processing sample: HF3
Sample HF3 completed:
  Input reads: 140938
  Read1 with adapter: 140140
  Read2 with adapter: 139917
  Primer (adapters) found total: 280057
  Passed filters: 139049
  Percent kept: 98.66%
----------------------------------------
✅ Finished HF3
Processing sample: HF4
Sample HF4 completed:
  Input reads: 150330
  Read1 with adapter: 149731
  Read2 with adapter: 149487
  Primer (adapters) found total: 299218
  Passed filters: 148809
  Percent kept: 98.99%
----------------------------------------
✅ Finished HF4
Processing sample: HF6
Sample HF6 completed:
  Input reads: 140938
  Read1 with adapter: 140140
  Read2 with adapter: 139917
  Primer (adapters) found total: 280057
  Passed filters: 139049
  Percent kept: 98.66%
----------------------------------------
✅ Finished HF6
Processing sample: HF8
Sample HF8 completed:
  Input reads: 150330
  Read1 with adapter: 149731
  Read2 with adapter: 149487
  Primer (adapters) found total: 299218
  Passed filters: 148809
  Percent kept: 98.99%
----------------------------------------
✅ Finished HF8

Processing Complete! 🎉
Processed 6 samples
Summary statistics saved to: HF/trimmed/trimming_statistics.tsv
Detailed log saved to: HF/trimmed/cutadapt_summary.log
Finished at: Tue Oct 28 12:45:13 AM PKT 2025
